2024-08-03 11:22:30 error: Error creating event: Cannot read properties of undefined (reading 'notify')
2024-08-03 11:24:09 error: Error sending email: Invalid login: 535-5.7.8 Username and Password not accepted. For more information, go to
535 5.7.8  https://support.google.com/mail/?p=BadCredentials ffacd0b85a97d-36bbd01e0a7sm3972447f8f.43 - gsmtp
2024-08-03 11:25:48 error: Error sending email: Invalid login: 534-5.7.9 Application-specific password required. For more information, go to
534 5.7.9  https://support.google.com/mail/?p=InvalidSecondFactor ffacd0b85a97d-36bbd075100sm3962436f8f.105 - gsmtp
2024-08-03 11:26:53 error: Error sending email: Invalid login: 534-5.7.9 Application-specific password required. For more information, go to
534 5.7.9  https://support.google.com/mail/?p=InvalidSecondFactor 5b1f17b1804b1-4282bba283fsm123748335e9.46 - gsmtp
2024-08-03 11:29:25 error: Error sending email: Invalid login: 534-5.7.9 Application-specific password required. For more information, go to
534 5.7.9  https://support.google.com/mail/?p=InvalidSecondFactor ffacd0b85a97d-36bbd059e18sm3982943f8f.68 - gsmtp
2024-08-03 11:38:38 error: Error sending email: Invalid login: 535-5.7.8 Username and Password not accepted. For more information, go to
535 5.7.8  https://support.google.com/mail/?p=BadCredentials 5b1f17b1804b1-42824af6e8csm89327695e9.1 - gsmtp
2024-08-03 11:43:19 error: Error sending email: Invalid login: 535-5.7.8 Username and Password not accepted. For more information, go to
535 5.7.8  https://support.google.com/mail/?p=BadCredentials ffacd0b85a97d-36bbd0597cfsm4027067f8f.74 - gsmtp
2024-08-03 11:50:30 error: Error sending email: Missing credentials for "PLAIN"
2024-08-03 11:59:20 error: Error sending email: Invalid login: 535 Incorrect authentication data
2024-08-03 12:01:22 error: Error sending email: Invalid login: 535-5.7.8 Username and Password not accepted. For more information, go to
535 5.7.8  https://support.google.com/mail/?p=BadCredentials 5b1f17b1804b1-428e6e9cd4esm62039065e9.44 - gsmtp
2024-08-03 12:02:58 error: Error sending email: connect ECONNREFUSED 127.0.0.1:587
2024-08-03 12:03:31 error: Error sending email: connect ECONNREFUSED 127.0.0.1:587
2024-08-03 12:12:16 error: Error creating event: Invalid login: 535 Authentication failed
2024-08-03 12:23:20 error: Error sending email: Invalid login: 534-5.7.9 Application-specific password required. For more information, go to
534 5.7.9  https://support.google.com/mail/?p=InvalidSecondFactor ffacd0b85a97d-36bbd06dfb4sm4137495f8f.103 - gsmtp
2024-08-05 11:30:14 error: Error sending email: No recipients defined
2024-08-31 16:11:22 error: Error creating event: Event validation failed: details.owner: Cast to ObjectId failed for value "mercuremekinda@gmail.com" (type string) at path "details.owner" because of "BSONError", details.nominee: Cast to ObjectId failed for value "mercuremekinda@gmail.com" (type string) at path "details.nominee" because of "BSONError"
2024-08-31 16:13:17 error: Error creating event: Event validation failed: details.owner: Cast to ObjectId failed for value "mercuremekinda@gmail.com" (type string) at path "details.owner" because of "BSONError", details.nominee: Cast to ObjectId failed for value "mercuremekinda@gmail.com" (type string) at path "details.nominee" because of "BSONError"
2024-08-31 16:16:57 error: Error creating event: getaddrinfo ENOTFOUND cluster0-shard-00-01.e1mq9.mongodb.net
2024-08-31 16:17:18 error: Error creating event: getaddrinfo ENOTFOUND cluster0-shard-00-01.e1mq9.mongodb.net
2024-08-31 16:17:42 error: Error creating event: Event validation failed: details.owner: Cast to ObjectId failed for value "mercuremekinda@gmail.com" (type string) at path "details.owner" because of "BSONError", details.nominee: Cast to ObjectId failed for value "mercuremekinda@gmail.com" (type string) at path "details.nominee" because of "BSONError"
2024-08-31 16:19:04 error: Error creating event: Event validation failed: details.owner: Cast to ObjectId failed for value "mercuremekinda@gmail.com" (type string) at path "details.owner" because of "BSONError", details.nominee: Cast to ObjectId failed for value "mercuremekinda@gmail.com" (type string) at path "details.nominee" because of "BSONError"
2024-08-31 16:20:39 error: Error creating event: Event validation failed: details.owner: Cast to ObjectId failed for value "mercuremekinda@gmail.com" (type string) at path "details.owner" because of "BSONError", details.nominee: Cast to ObjectId failed for value "mercuremekinda@gmail.com" (type string) at path "details.nominee" because of "BSONError"
2024-08-31 16:26:21 error: Error creating event: mongoose is not defined
2024-08-31 16:28:32 error: Error creating event: Class constructor ObjectId cannot be invoked without 'new'
2024-08-31 16:29:00 error: Error creating event: Event validation failed: details.owner: Cast to ObjectId failed for value "mercuremekinda@gmail.com" (type string) at path "details.owner" because of "BSONError", details.nominee: Cast to ObjectId failed for value "mercuremekinda@gmail.com" (type string) at path "details.nominee" because of "BSONError"
2024-08-31 16:33:00 error: Error creating event: UserProfile is not defined
2024-08-31 17:16:57 error: Error creating event: Event validation failed: details.owner: Cast to ObjectId failed for value "mercuremekinda@gmail.com" (type string) at path "details.owner" because of "BSONError", details.nominee: Cast to ObjectId failed for value "mercuremekinda@gmail.com" (type string) at path "details.nominee" because of "BSONError", details.reviewer: Cast to ObjectId failed for value "" (type string) at path "details.reviewer" because of "BSONError", details.entityOfDetection: Cast to ObjectId failed for value "" (type string) at path "details.entityOfDetection" because of "BSONError", details.entityOfOrigin: Cast to ObjectId failed for value "" (type string) at path "details.entityOfOrigin" because of "BSONError"
2024-08-31 17:25:00 error: Error creating event: Event validation failed: details.owner: Cast to ObjectId failed for value "mercuremekinda@gmail.com" (type string) at path "details.owner" because of "BSONError", details.nominee: Cast to ObjectId failed for value "mercuremekinda@gmail.com" (type string) at path "details.nominee" because of "BSONError", details.reviewer: Cast to ObjectId failed for value "" (type string) at path "details.reviewer" because of "BSONError", details.entityOfDetection: Cast to ObjectId failed for value "" (type string) at path "details.entityOfDetection" because of "BSONError", details.entityOfOrigin: Cast to ObjectId failed for value "" (type string) at path "details.entityOfOrigin" because of "BSONError"
2024-08-31 17:29:45 error: Error creating event: Entity is not defined
2024-08-31 17:30:24 error: Error creating event: Cast to ObjectId failed for value "" (type string) at path "_id" for model "Entity"
2024-08-31 17:32:08 error: Error creating event: Cast to ObjectId failed for value "" (type string) at path "_id" for model "Entity"
2024-08-31 17:34:05 error: Error creating event: Cast to ObjectId failed for value "" (type string) at path "_id" for model "Entity"
2024-08-31 17:37:23 error: Error creating event: Cast to ObjectId failed for value "" (type string) at path "_id" for model "Entity"
2024-08-31 17:39:32 error: Error creating event: Cast to ObjectId failed for value "" (type string) at path "_id" for model "Entity"
2024-08-31 17:40:53 error: Error creating event: Cast to ObjectId failed for value "" (type string) at path "_id" for model "Entity"
2024-08-31 17:43:19 error: Error creating event: Cast to ObjectId failed for value "" (type string) at path "_id" for model "Entity"
2024-08-31 17:44:03 error: Error creating event: Cast to ObjectId failed for value "" (type string) at path "_id" for model "Entity"
2024-08-31 17:44:56 error: Error creating event: Event validation failed: details.entityOfOrigin: Path `details.entityOfOrigin` is required., details.entityOfDetection: Path `details.entityOfDetection` is required., details.nominee: Path `details.nominee` is required., details.owner: Path `details.owner` is required.
2024-08-31 17:45:59 error: Error creating event: Event validation failed: details.entityOfOrigin: Path `details.entityOfOrigin` is required., details.entityOfDetection: Path `details.entityOfDetection` is required., details.nominee: Path `details.nominee` is required., details.owner: Path `details.owner` is required.
2024-08-31 17:46:11 error: Error creating event: Event validation failed: details.entityOfOrigin: Path `details.entityOfOrigin` is required., details.entityOfDetection: Path `details.entityOfDetection` is required., details.nominee: Path `details.nominee` is required., details.owner: Path `details.owner` is required.
2024-08-31 17:53:28 error: Error creating event: Event validation failed: details.entityOfOrigin: Path `details.entityOfOrigin` is required., details.entityOfDetection: Path `details.entityOfDetection` is required., details.nominee: Path `details.nominee` is required., details.owner: Path `details.owner` is required.
2024-08-31 17:55:15 error: Error creating event: Event validation failed: details.entityOfOrigin: Path `details.entityOfOrigin` is required., details.entityOfDetection: Path `details.entityOfDetection` is required., details.nominee: Path `details.nominee` is required., details.owner: Path `details.owner` is required.
2024-09-03 06:38:19 error: Error creating event: E11000 duplicate key error collection: risk_management_test.events index: num_ref_1 dup key: { num_ref: "00001" }
<<<<<<< HEAD
2024-09-03 14:33:26 error: Error creating event: Cast to ObjectId failed for value "" (type string) at path "_id" for model "Entity"
2024-09-07 12:17:48 error: Error creating event: Event validation failed: details.reviewer: Cast to ObjectId failed for value "" (type string) at path "details.reviewer" because of "BSONError"
2024-09-07 12:23:24 error: Error creating event: Cannot read properties of null (reading 'email')
=======
2024-09-07 11:20:34 error: Error creating event: Event validation failed: details.reviewer: Cast to ObjectId failed for value "" (type string) at path "details.reviewer" because of "BSONError"
2024-09-07 11:40:50 error: Error creating event: E11000 duplicate key error collection: risk_management_test.events index: num_ref_1 dup key: { num_ref: "00002" }
2024-09-14 09:04:47 error: Error creating event: E11000 duplicate key error collection: risk_management_test.events index: num_ref_1 dup key: { num_ref: "00002" }
2024-09-14 09:05:07 error: Error creating event: E11000 duplicate key error collection: risk_management_test.events index: num_ref_1 dup key: { num_ref: "00003" }
2024-09-14 10:19:23 error: Error creating event: Cannot read properties of null (reading 'email')
2024-09-14 10:19:52 error: Error creating event: Cannot read properties of null (reading 'email')
2024-09-14 10:20:38 error: Error creating event: Cannot read properties of null (reading 'email')
>>>>>>> 2e974d48a478047540bcd29341eb553a15aca1a9
